<?xml version="1.0" encoding="UTF-8"?>
<testng-results ignored="0" total="2" passed="2" failed="0" skipped="0">
  <reporter-output>
  </reporter-output>
  <suite started-at="2021-09-28T11:47:50 IST" name="SampleSuite2" finished-at="2021-09-28T11:48:47 IST" duration-ms="56218">
    <groups>
    </groups>
    <test started-at="2021-09-28T11:47:50 IST" name="SampleTest" finished-at="2021-09-28T11:48:20 IST" duration-ms="29966">
      <class name="seleniumd2.RecorderScript">
        <test-method is-config="true" signature="setup(java.lang.String)[pri:0, instance:seleniumd2.RecorderScript@1e04fa0a]" started-at="2021-09-28T11:47:50 IST" name="setup" finished-at="2021-09-28T11:47:59 IST" duration-ms="8333" status="PASS">
          <params>
            <param index="0">
              <value>
                <![CDATA[Firefox]]>
              </value>
            </param>
          </params>
          <reporter-output>
          </reporter-output>
        </test-method> <!-- setup -->
        <test-method signature="testParameterWithXML()[pri:0, instance:seleniumd2.RecorderScript@1e04fa0a]" started-at="2021-09-28T11:47:59 IST" name="testParameterWithXML" finished-at="2021-09-28T11:48:20 IST" duration-ms="21550" status="PASS">
          <reporter-output>
          </reporter-output>
        </test-method> <!-- testParameterWithXML -->
      </class> <!-- seleniumd2.RecorderScript -->
    </test> <!-- SampleTest -->
    <test started-at="2021-09-28T11:48:20 IST" name="Sample2Test" finished-at="2021-09-28T11:48:47 IST" duration-ms="26212">
      <class name="seleniumd2.RecorderScript">
        <test-method is-config="true" signature="setup(java.lang.String)[pri:0, instance:seleniumd2.RecorderScript@27462a88]" started-at="2021-09-28T11:48:20 IST" name="setup" finished-at="2021-09-28T11:48:29 IST" duration-ms="8149" status="PASS">
          <params>
            <param index="0">
              <value>
                <![CDATA[Chrome]]>
              </value>
            </param>
          </params>
          <reporter-output>
          </reporter-output>
        </test-method> <!-- setup -->
        <test-method signature="testParameterWithXML()[pri:0, instance:seleniumd2.RecorderScript@27462a88]" started-at="2021-09-28T11:48:29 IST" name="testParameterWithXML" finished-at="2021-09-28T11:48:47 IST" duration-ms="18049" status="PASS">
          <reporter-output>
          </reporter-output>
        </test-method> <!-- testParameterWithXML -->
      </class> <!-- seleniumd2.RecorderScript -->
    </test> <!-- Sample2Test -->
  </suite> <!-- SampleSuite2 -->
</testng-results>
